Started GET "/" for ::1 at 2020-05-28 10:15:44 +0200
  
ActiveRecord::NoDatabaseError (FATAL:  database "thp_todolist_development" does not exist
):
  
activerecord (5.2.4.3) lib/active_record/connection_adapters/postgresql_adapter.rb:696:in `rescue in connect'
activerecord (5.2.4.3) lib/active_record/connection_adapters/postgresql_adapter.rb:691:in `connect'
activerecord (5.2.4.3) lib/active_record/connection_adapters/postgresql_adapter.rb:223:in `initialize'
activerecord (5.2.4.3) lib/active_record/connection_adapters/postgresql_adapter.rb:48:in `new'
activerecord (5.2.4.3) lib/active_record/connection_adapters/postgresql_adapter.rb:48:in `postgresql_connection'
activerecord (5.2.4.3) lib/active_record/connection_adapters/abstract/connection_pool.rb:830:in `new_connection'
activerecord (5.2.4.3) lib/active_record/connection_adapters/abstract/connection_pool.rb:874:in `checkout_new_connection'
activerecord (5.2.4.3) lib/active_record/connection_adapters/abstract/connection_pool.rb:853:in `try_to_checkout_new_connection'
activerecord (5.2.4.3) lib/active_record/connection_adapters/abstract/connection_pool.rb:814:in `acquire_connection'
activerecord (5.2.4.3) lib/active_record/connection_adapters/abstract/connection_pool.rb:538:in `checkout'
activerecord (5.2.4.3) lib/active_record/connection_adapters/abstract/connection_pool.rb:382:in `connection'
activerecord (5.2.4.3) lib/active_record/connection_adapters/abstract/connection_pool.rb:1033:in `retrieve_connection'
activerecord (5.2.4.3) lib/active_record/connection_handling.rb:118:in `retrieve_connection'
activerecord (5.2.4.3) lib/active_record/connection_handling.rb:90:in `connection'
activerecord (5.2.4.3) lib/active_record/migration.rb:554:in `call'
actionpack (5.2.4.3) lib/action_dispatch/middleware/callbacks.rb:28:in `block in call'
activesupport (5.2.4.3) lib/active_support/callbacks.rb:98:in `run_callbacks'
actionpack (5.2.4.3) lib/action_dispatch/middleware/callbacks.rb:26:in `call'
actionpack (5.2.4.3) lib/action_dispatch/middleware/executor.rb:14:in `call'
actionpack (5.2.4.3) lib/action_dispatch/middleware/debug_exceptions.rb:61:in `call'
web-console (3.7.0) lib/web_console/middleware.rb:135:in `call_app'
web-console (3.7.0) lib/web_console/middleware.rb:30:in `block in call'
web-console (3.7.0) lib/web_console/middleware.rb:20:in `catch'
web-console (3.7.0) lib/web_console/middleware.rb:20:in `call'
actionpack (5.2.4.3) lib/action_dispatch/middleware/show_exceptions.rb:33:in `call'
railties (5.2.4.3) lib/rails/rack/logger.rb:38:in `call_app'
railties (5.2.4.3) lib/rails/rack/logger.rb:26:in `block in call'
activesupport (5.2.4.3) lib/active_support/tagged_logging.rb:71:in `block in tagged'
activesupport (5.2.4.3) lib/active_support/tagged_logging.rb:28:in `tagged'
activesupport (5.2.4.3) lib/active_support/tagged_logging.rb:71:in `tagged'
railties (5.2.4.3) lib/rails/rack/logger.rb:26:in `call'
sprockets-rails (3.2.1) lib/sprockets/rails/quiet_assets.rb:13:in `call'
actionpack (5.2.4.3) lib/action_dispatch/middleware/remote_ip.rb:81:in `call'
actionpack (5.2.4.3) lib/action_dispatch/middleware/request_id.rb:27:in `call'
rack (2.2.2) lib/rack/method_override.rb:24:in `call'
rack (2.2.2) lib/rack/runtime.rb:22:in `call'
activesupport (5.2.4.3) lib/active_support/cache/strategy/local_cache_middleware.rb:29:in `call'
actionpack (5.2.4.3) lib/action_dispatch/middleware/executor.rb:14:in `call'
actionpack (5.2.4.3) lib/action_dispatch/middleware/static.rb:127:in `call'
rack (2.2.2) lib/rack/sendfile.rb:110:in `call'
railties (5.2.4.3) lib/rails/engine.rb:524:in `call'
puma (3.12.6) lib/puma/configuration.rb:227:in `call'
puma (3.12.6) lib/puma/server.rb:706:in `handle_request'
puma (3.12.6) lib/puma/server.rb:476:in `process_client'
puma (3.12.6) lib/puma/server.rb:334:in `block in run'
puma (3.12.6) lib/puma/thread_pool.rb:135:in `block in spawn_thread'
  [1m[35m (192.0ms)[0m  [1m[35mCREATE DATABASE "thp_todolist_development" ENCODING = 'unicode'[0m
  ↳ bin/rails:9
  [1m[35m (108.1ms)[0m  [1m[35mCREATE DATABASE "thp_todolist_test" ENCODING = 'unicode'[0m
  ↳ bin/rails:9
  [1m[35m (9.1ms)[0m  [1m[35mCREATE TABLE "schema_migrations" ("version" character varying NOT NULL PRIMARY KEY)[0m
  ↳ bin/rails:9
  [1m[35m (3.5ms)[0m  [1m[35mCREATE TABLE "ar_internal_metadata" ("key" character varying NOT NULL PRIMARY KEY, "value" character varying, "created_at" timestamp NOT NULL, "updated_at" timestamp NOT NULL)[0m
  ↳ bin/rails:9
  [1m[35m (1.0ms)[0m  [1m[34mSELECT pg_try_advisory_lock(1168696013603849955)[0m
  ↳ bin/rails:9
  [1m[35m (0.5ms)[0m  [1m[34mSELECT "schema_migrations"."version" FROM "schema_migrations" ORDER BY "schema_migrations"."version" ASC[0m
  ↳ bin/rails:9
Migrating to DeviseCreateUsers (20200527162641)
  [1m[35m (0.2ms)[0m  [1m[35mBEGIN[0m
  ↳ bin/rails:9
  [1m[35m (8.2ms)[0m  [1m[35mCREATE TABLE "users" ("id" bigserial primary key, "email" character varying DEFAULT '' NOT NULL, "encrypted_password" character varying DEFAULT '' NOT NULL, "reset_password_token" character varying, "reset_password_sent_at" timestamp, "remember_created_at" timestamp, "created_at" timestamp NOT NULL, "updated_at" timestamp NOT NULL)[0m
  ↳ db/migrate/20200527162641_devise_create_users.rb:5
  [1m[35m (1.2ms)[0m  [1m[35mCREATE UNIQUE INDEX  "index_users_on_email" ON "users"  ("email")[0m
  ↳ db/migrate/20200527162641_devise_create_users.rb:39
  [1m[35m (1.1ms)[0m  [1m[35mCREATE UNIQUE INDEX  "index_users_on_reset_password_token" ON "users"  ("reset_password_token")[0m
  ↳ db/migrate/20200527162641_devise_create_users.rb:40
  [1m[36mActiveRecord::SchemaMigration Create (0.6ms)[0m  [1m[32mINSERT INTO "schema_migrations" ("version") VALUES ($1) RETURNING "version"[0m  [["version", "20200527162641"]]
  ↳ bin/rails:9
  [1m[35m (0.5ms)[0m  [1m[35mCOMMIT[0m
  ↳ bin/rails:9
Migrating to CreateTasks (20200527163300)
  [1m[35m (0.2ms)[0m  [1m[35mBEGIN[0m
  ↳ bin/rails:9
  [1m[35m (3.5ms)[0m  [1m[35mCREATE TABLE "tasks" ("id" bigserial primary key, "title" character varying, "status" boolean DEFAULT FALSE, "deadline" timestamp, "category_id" bigint, "image" character varying, "created_at" timestamp NOT NULL, "updated_at" timestamp NOT NULL)[0m
  ↳ db/migrate/20200527163300_create_tasks.rb:3
  [1m[35m (1.0ms)[0m  [1m[35mCREATE  INDEX  "index_tasks_on_category_id" ON "tasks"  ("category_id")[0m
  ↳ db/migrate/20200527163300_create_tasks.rb:3
  [1m[36mActiveRecord::SchemaMigration Create (0.4ms)[0m  [1m[32mINSERT INTO "schema_migrations" ("version") VALUES ($1) RETURNING "version"[0m  [["version", "20200527163300"]]
  ↳ bin/rails:9
  [1m[35m (0.5ms)[0m  [1m[35mCOMMIT[0m
  ↳ bin/rails:9
Migrating to CreateCategories (20200527163441)
  [1m[35m (0.5ms)[0m  [1m[35mBEGIN[0m
  ↳ bin/rails:9
  [1m[35m (5.2ms)[0m  [1m[35mCREATE TABLE "categories" ("id" bigserial primary key, "title" character varying, "created_at" timestamp NOT NULL, "updated_at" timestamp NOT NULL)[0m
  ↳ db/migrate/20200527163441_create_categories.rb:3
  [1m[36mActiveRecord::SchemaMigration Create (0.3ms)[0m  [1m[32mINSERT INTO "schema_migrations" ("version") VALUES ($1) RETURNING "version"[0m  [["version", "20200527163441"]]
  ↳ bin/rails:9
  [1m[35m (0.6ms)[0m  [1m[35mCOMMIT[0m
  ↳ bin/rails:9
  [1m[36mActiveRecord::InternalMetadata Load (0.5ms)[0m  [1m[34mSELECT  "ar_internal_metadata".* FROM "ar_internal_metadata" WHERE "ar_internal_metadata"."key" = $1 LIMIT $2[0m  [["key", "environment"], ["LIMIT", 1]]
  ↳ bin/rails:9
  [1m[35m (0.4ms)[0m  [1m[35mBEGIN[0m
  ↳ bin/rails:9
  [1m[36mActiveRecord::InternalMetadata Create (1.2ms)[0m  [1m[32mINSERT INTO "ar_internal_metadata" ("key", "value", "created_at", "updated_at") VALUES ($1, $2, $3, $4) RETURNING "key"[0m  [["key", "environment"], ["value", "development"], ["created_at", "2020-05-28 08:16:47.232794"], ["updated_at", "2020-05-28 08:16:47.232794"]]
  ↳ bin/rails:9
  [1m[35m (0.5ms)[0m  [1m[35mCOMMIT[0m
  ↳ bin/rails:9
  [1m[35m (0.3ms)[0m  [1m[34mSELECT pg_advisory_unlock(1168696013603849955)[0m
  ↳ bin/rails:9
  [1m[35m (0.4ms)[0m  [1m[34mSELECT "schema_migrations"."version" FROM "schema_migrations" ORDER BY "schema_migrations"."version" ASC[0m
  ↳ bin/rails:9
Started GET "/" for ::1 at 2020-05-28 10:16:55 +0200
  [1m[35m (0.7ms)[0m  [1m[34mSELECT "schema_migrations"."version" FROM "schema_migrations" ORDER BY "schema_migrations"."version" ASC[0m
  ↳ /Users/mathilde/.rvm/gems/ruby-2.5.1/gems/activerecord-5.2.4.3/lib/active_record/log_subscriber.rb:98
Processing by HomeController#index as HTML
  Rendering home/index.html.erb within layouts/application
  [1m[36mCategory Load (0.9ms)[0m  [1m[34mSELECT "categories".* FROM "categories"[0m
  ↳ app/views/layouts/_task_form.html.erb:18
  Rendered layouts/_task_form.html.erb (7.5ms)
  [1m[36mTask Load (1.0ms)[0m  [1m[34mSELECT "tasks".* FROM "tasks"[0m
  ↳ app/views/home/index.html.erb:20
  Rendered home/index.html.erb within layouts/application (17.7ms)
  Rendered layouts/_navbar.html.erb (4.3ms)
  Rendered layouts/_flash.html.erb (0.5ms)
Completed 200 OK in 713ms (Views: 684.1ms | ActiveRecord: 4.8ms)


Started GET "/users/sign_in" for ::1 at 2020-05-28 10:17:02 +0200
Processing by Devise::SessionsController#new as HTML
  Rendering devise/sessions/new.html.erb within layouts/application
  Rendered devise/shared/_links.html.erb (2.2ms)
  Rendered devise/sessions/new.html.erb within layouts/application (1568.1ms)
  Rendered layouts/_navbar.html.erb (1.1ms)
  Rendered layouts/_flash.html.erb (0.6ms)
Completed 200 OK in 1653ms (Views: 1623.0ms | ActiveRecord: 8.2ms)


Started GET "/users/sign_up" for ::1 at 2020-05-28 10:17:05 +0200
Processing by Devise::RegistrationsController#new as HTML
  Rendering devise/registrations/new.html.erb within layouts/application
  Rendered devise/shared/_error_messages.html.erb (0.6ms)
  Rendered devise/shared/_links.html.erb (1.2ms)
  Rendered devise/registrations/new.html.erb within layouts/application (10.3ms)
  Rendered layouts/_navbar.html.erb (1.1ms)
  Rendered layouts/_flash.html.erb (0.4ms)
Completed 200 OK in 82ms (Views: 80.8ms | ActiveRecord: 0.0ms)


Started GET "/" for ::1 at 2020-05-28 10:17:06 +0200
Processing by HomeController#index as HTML
  Rendering home/index.html.erb within layouts/application
  [1m[36mCategory Load (0.6ms)[0m  [1m[34mSELECT "categories".* FROM "categories"[0m
  ↳ app/views/layouts/_task_form.html.erb:18
  Rendered layouts/_task_form.html.erb (2.9ms)
  [1m[36mTask Load (0.7ms)[0m  [1m[34mSELECT "tasks".* FROM "tasks"[0m
  ↳ app/views/home/index.html.erb:20
  Rendered home/index.html.erb within layouts/application (9.6ms)
  Rendered layouts/_navbar.html.erb (1.5ms)
  Rendered layouts/_flash.html.erb (0.9ms)
Completed 200 OK in 56ms (Views: 50.3ms | ActiveRecord: 1.3ms)


Started POST "/tasks" for ::1 at 2020-05-28 10:17:16 +0200
Processing by TasksController#create as JS
  Parameters: {"utf8"=>"✓", "title"=>"", "deadline"=>"", "commit"=>"Create task"}
Completed 401 Unauthorized in 1ms (ActiveRecord: 0.0ms)


Started POST "/tasks" for ::1 at 2020-05-28 10:17:19 +0200
Processing by TasksController#create as JS
  Parameters: {"utf8"=>"✓", "title"=>"", "deadline"=>"", "commit"=>"Create task"}
Completed 401 Unauthorized in 2ms (ActiveRecord: 0.0ms)


Started POST "/tasks" for ::1 at 2020-05-28 10:17:35 +0200
Processing by TasksController#create as JS
  Parameters: {"utf8"=>"✓", "title"=>"hey", "deadline"=>"2020-02-12", "commit"=>"Create task"}
Completed 401 Unauthorized in 3ms (ActiveRecord: 0.0ms)


Started GET "/users/sign_in" for ::1 at 2020-05-28 10:22:25 +0200
Processing by Devise::SessionsController#new as HTML
  Rendering devise/sessions/new.html.erb within layouts/application
  Rendered devise/shared/_links.html.erb (1.9ms)
  Rendered devise/sessions/new.html.erb within layouts/application (10.0ms)
  Rendered layouts/_navbar.html.erb (0.9ms)
  Rendered layouts/_flash.html.erb (0.4ms)
Completed 200 OK in 66ms (Views: 63.1ms | ActiveRecord: 0.0ms)


Started GET "/users/sign_up" for ::1 at 2020-05-28 10:22:34 +0200
Processing by Devise::RegistrationsController#new as HTML
  Rendering devise/registrations/new.html.erb within layouts/application
  Rendered devise/shared/_error_messages.html.erb (0.6ms)
  Rendered devise/shared/_links.html.erb (0.9ms)
  Rendered devise/registrations/new.html.erb within layouts/application (11.3ms)
  Rendered layouts/_navbar.html.erb (0.8ms)
  Rendered layouts/_flash.html.erb (0.3ms)
Completed 200 OK in 66ms (Views: 64.0ms | ActiveRecord: 0.0ms)


Started POST "/users" for ::1 at 2020-05-28 10:22:42 +0200
Processing by Devise::RegistrationsController#create as HTML
  Parameters: {"utf8"=>"✓", "authenticity_token"=>"sEMjxIxznaZ0H/0bCVBwH5ThNvf5tZcmdGxowm1L8XOdplJ1BdBI7CwolaY8izjfMTdW23vlV3z8XoM3sk3FpQ==", "user"=>{"email"=>"math@gmail.com", "password"=>"[FILTERED]", "password_confirmation"=>"[FILTERED]"}, "commit"=>"Sign up"}
  [1m[35m (0.3ms)[0m  [1m[35mBEGIN[0m
  ↳ /Users/mathilde/.rvm/gems/ruby-2.5.1/gems/activerecord-5.2.4.3/lib/active_record/log_subscriber.rb:98
  [1m[36mUser Exists (0.8ms)[0m  [1m[34mSELECT  1 AS one FROM "users" WHERE "users"."email" = $1 LIMIT $2[0m  [["email", "math@gmail.com"], ["LIMIT", 1]]
  ↳ /Users/mathilde/.rvm/gems/ruby-2.5.1/gems/activerecord-5.2.4.3/lib/active_record/log_subscriber.rb:98
  [1m[36mUser Create (0.9ms)[0m  [1m[32mINSERT INTO "users" ("email", "encrypted_password", "created_at", "updated_at") VALUES ($1, $2, $3, $4) RETURNING "id"[0m  [["email", "math@gmail.com"], ["encrypted_password", "$2a$11$D/sQlF0kzgzc/nxfpbfbiuvTuRwxBxarwj8Uav/sJyvWSBz8yPwZS"], ["created_at", "2020-05-28 08:22:42.241529"], ["updated_at", "2020-05-28 08:22:42.241529"]]
  ↳ /Users/mathilde/.rvm/gems/ruby-2.5.1/gems/activerecord-5.2.4.3/lib/active_record/log_subscriber.rb:98
  [1m[35m (1.0ms)[0m  [1m[35mCOMMIT[0m
  ↳ /Users/mathilde/.rvm/gems/ruby-2.5.1/gems/activerecord-5.2.4.3/lib/active_record/log_subscriber.rb:98
Redirected to http://localhost:3000/
Completed 302 Found in 173ms (ActiveRecord: 3.0ms)


Started GET "/" for ::1 at 2020-05-28 10:22:42 +0200
Processing by HomeController#index as HTML
  Rendering home/index.html.erb within layouts/application
  [1m[36mCategory Load (0.3ms)[0m  [1m[34mSELECT "categories".* FROM "categories"[0m
  ↳ app/views/layouts/_task_form.html.erb:18
  Rendered layouts/_task_form.html.erb (1.7ms)
  [1m[36mTask Load (0.3ms)[0m  [1m[34mSELECT "tasks".* FROM "tasks"[0m
  ↳ app/views/home/index.html.erb:20
  Rendered home/index.html.erb within layouts/application (4.5ms)
  [1m[36mUser Load (0.2ms)[0m  [1m[34mSELECT  "users".* FROM "users" WHERE "users"."id" = $1 ORDER BY "users"."id" ASC LIMIT $2[0m  [["id", 1], ["LIMIT", 1]]
  ↳ app/views/layouts/_navbar.html.erb:9
  Rendered layouts/_navbar.html.erb (4.3ms)
  Rendered layouts/_flash.html.erb (0.6ms)
Completed 200 OK in 39ms (Views: 36.2ms | ActiveRecord: 1.0ms)


Started GET "/tasks/new" for ::1 at 2020-05-28 10:22:45 +0200
Processing by TasksController#new as HTML
  [1m[36mUser Load (0.4ms)[0m  [1m[34mSELECT  "users".* FROM "users" WHERE "users"."id" = $1 ORDER BY "users"."id" ASC LIMIT $2[0m  [["id", 1], ["LIMIT", 1]]
  ↳ /Users/mathilde/.rvm/gems/ruby-2.5.1/gems/activerecord-5.2.4.3/lib/active_record/log_subscriber.rb:98
  Rendering tasks/new.html.erb within layouts/application
  [1m[36mCategory Load (0.3ms)[0m  [1m[34mSELECT "categories".* FROM "categories"[0m
  ↳ app/views/layouts/_task_form.html.erb:18
  Rendered layouts/_task_form.html.erb (2.2ms)
  Rendered tasks/new.html.erb within layouts/application (6.4ms)
  Rendered layouts/_navbar.html.erb (0.7ms)
  Rendered layouts/_flash.html.erb (0.5ms)
Completed 200 OK in 60ms (Views: 50.3ms | ActiveRecord: 0.7ms)


Started POST "/tasks" for ::1 at 2020-05-28 10:22:47 +0200
Processing by TasksController#create as JS
  Parameters: {"utf8"=>"✓", "title"=>"", "deadline"=>"", "commit"=>"Create task"}
  [1m[36mUser Load (0.6ms)[0m  [1m[34mSELECT  "users".* FROM "users" WHERE "users"."id" = $1 ORDER BY "users"."id" ASC LIMIT $2[0m  [["id", 1], ["LIMIT", 1]]
  ↳ /Users/mathilde/.rvm/gems/ruby-2.5.1/gems/activerecord-5.2.4.3/lib/active_record/log_subscriber.rb:98
Unpermitted parameters: :utf8, :commit
Completed 400 Bad Request in 15ms (ActiveRecord: 2.6ms)


  
ActionController::ParameterMissing (param is missing or the value is empty: Category):
  
app/controllers/tasks_controller.rb:58:in `category_params'
app/controllers/tasks_controller.rb:9:in `create'
Started GET "/" for ::1 at 2020-05-28 10:22:48 +0200
Processing by HomeController#index as HTML
  Rendering home/index.html.erb within layouts/application
  [1m[36mCategory Load (0.3ms)[0m  [1m[34mSELECT "categories".* FROM "categories"[0m
  ↳ app/views/layouts/_task_form.html.erb:18
  Rendered layouts/_task_form.html.erb (2.8ms)
  [1m[36mTask Load (0.3ms)[0m  [1m[34mSELECT "tasks".* FROM "tasks"[0m
  ↳ app/views/home/index.html.erb:20
  Rendered home/index.html.erb within layouts/application (7.1ms)
  [1m[36mUser Load (0.4ms)[0m  [1m[34mSELECT  "users".* FROM "users" WHERE "users"."id" = $1 ORDER BY "users"."id" ASC LIMIT $2[0m  [["id", 1], ["LIMIT", 1]]
  ↳ app/views/layouts/_navbar.html.erb:9
  Rendered layouts/_navbar.html.erb (2.6ms)
  Rendered layouts/_flash.html.erb (0.4ms)
Completed 200 OK in 57ms (Views: 50.2ms | ActiveRecord: 0.9ms)


Started GET "/tasks/new" for ::1 at 2020-05-28 10:22:50 +0200
Processing by TasksController#new as HTML
  [1m[36mUser Load (0.4ms)[0m  [1m[34mSELECT  "users".* FROM "users" WHERE "users"."id" = $1 ORDER BY "users"."id" ASC LIMIT $2[0m  [["id", 1], ["LIMIT", 1]]
  ↳ /Users/mathilde/.rvm/gems/ruby-2.5.1/gems/activerecord-5.2.4.3/lib/active_record/log_subscriber.rb:98
  Rendering tasks/new.html.erb within layouts/application
  [1m[36mCategory Load (0.3ms)[0m  [1m[34mSELECT "categories".* FROM "categories"[0m
  ↳ app/views/layouts/_task_form.html.erb:18
  Rendered layouts/_task_form.html.erb (2.8ms)
  Rendered tasks/new.html.erb within layouts/application (7.2ms)
  Rendered layouts/_navbar.html.erb (1.0ms)
  Rendered layouts/_flash.html.erb (0.3ms)
Completed 200 OK in 72ms (Views: 65.2ms | ActiveRecord: 0.7ms)


Started GET "/" for ::1 at 2020-05-28 10:28:15 +0200
  [1m[35m (1.3ms)[0m  [1m[34mSELECT "schema_migrations"."version" FROM "schema_migrations" ORDER BY "schema_migrations"."version" ASC[0m
  ↳ /Users/mathilde/.rvm/gems/ruby-2.5.1/gems/activerecord-5.2.4.3/lib/active_record/log_subscriber.rb:98
  
ActiveRecord::PendingMigrationError (

Migrations are pending. To resolve this issue, run:

        bin/rails db:migrate RAILS_ENV=development

):
  
activerecord (5.2.4.3) lib/active_record/migration.rb:579:in `check_pending!'
activerecord (5.2.4.3) lib/active_record/migration.rb:556:in `call'
actionpack (5.2.4.3) lib/action_dispatch/middleware/callbacks.rb:28:in `block in call'
activesupport (5.2.4.3) lib/active_support/callbacks.rb:98:in `run_callbacks'
actionpack (5.2.4.3) lib/action_dispatch/middleware/callbacks.rb:26:in `call'
actionpack (5.2.4.3) lib/action_dispatch/middleware/executor.rb:14:in `call'
actionpack (5.2.4.3) lib/action_dispatch/middleware/debug_exceptions.rb:61:in `call'
web-console (3.7.0) lib/web_console/middleware.rb:135:in `call_app'
web-console (3.7.0) lib/web_console/middleware.rb:30:in `block in call'
web-console (3.7.0) lib/web_console/middleware.rb:20:in `catch'
web-console (3.7.0) lib/web_console/middleware.rb:20:in `call'
actionpack (5.2.4.3) lib/action_dispatch/middleware/show_exceptions.rb:33:in `call'
railties (5.2.4.3) lib/rails/rack/logger.rb:38:in `call_app'
railties (5.2.4.3) lib/rails/rack/logger.rb:26:in `block in call'
activesupport (5.2.4.3) lib/active_support/tagged_logging.rb:71:in `block in tagged'
activesupport (5.2.4.3) lib/active_support/tagged_logging.rb:28:in `tagged'
activesupport (5.2.4.3) lib/active_support/tagged_logging.rb:71:in `tagged'
railties (5.2.4.3) lib/rails/rack/logger.rb:26:in `call'
sprockets-rails (3.2.1) lib/sprockets/rails/quiet_assets.rb:13:in `call'
actionpack (5.2.4.3) lib/action_dispatch/middleware/remote_ip.rb:81:in `call'
actionpack (5.2.4.3) lib/action_dispatch/middleware/request_id.rb:27:in `call'
rack (2.2.2) lib/rack/method_override.rb:24:in `call'
rack (2.2.2) lib/rack/runtime.rb:22:in `call'
activesupport (5.2.4.3) lib/active_support/cache/strategy/local_cache_middleware.rb:29:in `call'
actionpack (5.2.4.3) lib/action_dispatch/middleware/executor.rb:14:in `call'
actionpack (5.2.4.3) lib/action_dispatch/middleware/static.rb:127:in `call'
rack (2.2.2) lib/rack/sendfile.rb:110:in `call'
railties (5.2.4.3) lib/rails/engine.rb:524:in `call'
puma (3.12.6) lib/puma/configuration.rb:227:in `call'
puma (3.12.6) lib/puma/server.rb:706:in `handle_request'
puma (3.12.6) lib/puma/server.rb:476:in `process_client'
puma (3.12.6) lib/puma/server.rb:334:in `block in run'
puma (3.12.6) lib/puma/thread_pool.rb:135:in `block in spawn_thread'
  [1m[35m (0.1ms)[0m  [1m[34mSELECT pg_try_advisory_lock(1168696013603849955)[0m
  ↳ bin/rails:9
  [1m[35m (0.7ms)[0m  [1m[34mSELECT "schema_migrations"."version" FROM "schema_migrations" ORDER BY "schema_migrations"."version" ASC[0m
  ↳ bin/rails:9
Migrating to CreateEmails (20200528082346)
  [1m[35m (0.2ms)[0m  [1m[35mBEGIN[0m
  ↳ bin/rails:9
  [1m[35m (6.6ms)[0m  [1m[35mCREATE TABLE "emails" ("id" bigserial primary key, "object" character varying, "body" text, "created_at" timestamp NOT NULL, "updated_at" timestamp NOT NULL)[0m
  ↳ db/migrate/20200528082346_create_emails.rb:3
  [1m[36mActiveRecord::SchemaMigration Create (0.6ms)[0m  [1m[32mINSERT INTO "schema_migrations" ("version") VALUES ($1) RETURNING "version"[0m  [["version", "20200528082346"]]
  ↳ bin/rails:9
  [1m[35m (0.6ms)[0m  [1m[35mCOMMIT[0m
  ↳ bin/rails:9
  [1m[36mActiveRecord::InternalMetadata Load (0.4ms)[0m  [1m[34mSELECT  "ar_internal_metadata".* FROM "ar_internal_metadata" WHERE "ar_internal_metadata"."key" = $1 LIMIT $2[0m  [["key", "environment"], ["LIMIT", 1]]
  ↳ bin/rails:9
  [1m[35m (0.2ms)[0m  [1m[35mBEGIN[0m
  ↳ bin/rails:9
  [1m[35m (0.1ms)[0m  [1m[35mCOMMIT[0m
  ↳ bin/rails:9
  [1m[35m (0.2ms)[0m  [1m[34mSELECT pg_advisory_unlock(1168696013603849955)[0m
  ↳ bin/rails:9
  [1m[35m (0.2ms)[0m  [1m[34mSELECT "schema_migrations"."version" FROM "schema_migrations" ORDER BY "schema_migrations"."version" ASC[0m
  ↳ bin/rails:9
Started GET "/" for ::1 at 2020-05-28 10:28:40 +0200
  [1m[35m (0.6ms)[0m  [1m[34mSELECT "schema_migrations"."version" FROM "schema_migrations" ORDER BY "schema_migrations"."version" ASC[0m
  ↳ /Users/mathilde/.rvm/gems/ruby-2.5.1/gems/activerecord-5.2.4.3/lib/active_record/log_subscriber.rb:98
Processing by EmailController#index as HTML
  Rendering email/index.html.erb within layouts/application
  Rendered email/index.html.erb within layouts/application (1.0ms)
  [1m[36mUser Load (0.9ms)[0m  [1m[34mSELECT  "users".* FROM "users" WHERE "users"."id" = $1 ORDER BY "users"."id" ASC LIMIT $2[0m  [["id", 1], ["LIMIT", 1]]
  ↳ app/views/layouts/_navbar.html.erb:9
  Rendered layouts/_navbar.html.erb (31.7ms)
  Rendered layouts/_flash.html.erb (0.7ms)
Completed 200 OK in 633ms (Views: 615.5ms | ActiveRecord: 10.7ms)


Started GET "/" for ::1 at 2020-05-28 10:29:53 +0200
Processing by EmailController#index as HTML
  Rendering email/index.html.erb within layouts/application
  Rendered email/index.html.erb within layouts/application (0.4ms)
  [1m[36mUser Load (0.4ms)[0m  [1m[34mSELECT  "users".* FROM "users" WHERE "users"."id" = $1 ORDER BY "users"."id" ASC LIMIT $2[0m  [["id", 1], ["LIMIT", 1]]
  ↳ app/views/layouts/_navbar.html.erb:9
  Rendered layouts/_navbar.html.erb (3.3ms)
  Rendered layouts/_flash.html.erb (0.3ms)
Completed 200 OK in 41ms (Views: 37.6ms | ActiveRecord: 0.7ms)


Started GET "/" for ::1 at 2020-05-28 10:31:13 +0200
Processing by EmailController#index as HTML
  Rendering email/index.html.erb within layouts/application
  Rendered email/index.html.erb within layouts/application (0.3ms)
  [1m[36mUser Load (0.3ms)[0m  [1m[34mSELECT  "users".* FROM "users" WHERE "users"."id" = $1 ORDER BY "users"."id" ASC LIMIT $2[0m  [["id", 1], ["LIMIT", 1]]
  ↳ app/views/layouts/_navbar.html.erb:9
  Rendered layouts/_navbar.html.erb (2.8ms)
  Rendered layouts/_flash.html.erb (0.3ms)
Completed 200 OK in 36ms (Views: 33.3ms | ActiveRecord: 0.3ms)


Started GET "/" for ::1 at 2020-05-28 10:31:39 +0200
Processing by EmailController#index as HTML
  Rendering email/index.html.erb within layouts/application
  Rendered email/index.html.erb within layouts/application (0.3ms)
  [1m[36mUser Load (1.0ms)[0m  [1m[34mSELECT  "users".* FROM "users" WHERE "users"."id" = $1 ORDER BY "users"."id" ASC LIMIT $2[0m  [["id", 1], ["LIMIT", 1]]
  ↳ app/views/layouts/_navbar.html.erb:9
  Rendered layouts/_navbar.html.erb (3.1ms)
  Rendered layouts/_flash.html.erb (0.5ms)
Completed 200 OK in 35ms (Views: 31.6ms | ActiveRecord: 1.0ms)


Started GET "/" for ::1 at 2020-05-28 10:31:54 +0200
Processing by EmailController#index as HTML
  Rendering email/index.html.erb within layouts/application
  Rendered email/index.html.erb within layouts/application (0.3ms)
  [1m[36mUser Load (0.4ms)[0m  [1m[34mSELECT  "users".* FROM "users" WHERE "users"."id" = $1 ORDER BY "users"."id" ASC LIMIT $2[0m  [["id", 1], ["LIMIT", 1]]
  ↳ app/views/layouts/_navbar.html.erb:9
  Rendered layouts/_navbar.html.erb (2.7ms)
  Rendered layouts/_flash.html.erb (0.4ms)
Completed 200 OK in 51ms (Views: 48.2ms | ActiveRecord: 0.4ms)


Started GET "/" for ::1 at 2020-05-28 10:33:11 +0200
Processing by EmailController#index as HTML
  Rendering email/index.html.erb within layouts/application
  Rendered email/index.html.erb within layouts/application (0.3ms)
  [1m[36mUser Load (0.3ms)[0m  [1m[34mSELECT  "users".* FROM "users" WHERE "users"."id" = $1 ORDER BY "users"."id" ASC LIMIT $2[0m  [["id", 1], ["LIMIT", 1]]
  ↳ app/views/layouts/_navbar.html.erb:9
  Rendered layouts/_navbar.html.erb (2.2ms)
  Rendered layouts/_flash.html.erb (0.3ms)
Completed 200 OK in 37ms (Views: 33.9ms | ActiveRecord: 0.3ms)


Started GET "/" for ::1 at 2020-05-28 10:33:34 +0200
Processing by EmailController#index as HTML
  Rendering email/index.html.erb within layouts/application
  Rendered email/index.html.erb within layouts/application (0.8ms)
  [1m[36mUser Load (0.3ms)[0m  [1m[34mSELECT  "users".* FROM "users" WHERE "users"."id" = $1 ORDER BY "users"."id" ASC LIMIT $2[0m  [["id", 1], ["LIMIT", 1]]
  ↳ app/views/layouts/_navbar.html.erb:9
  Rendered layouts/_navbar.html.erb (1.9ms)
  Rendered layouts/_flash.html.erb (0.4ms)
Completed 200 OK in 45ms (Views: 41.4ms | ActiveRecord: 0.3ms)


Started GET "/" for ::1 at 2020-05-28 10:33:48 +0200
Processing by EmailController#index as HTML
  Rendering email/index.html.erb within layouts/application
  Rendered email/index.html.erb within layouts/application (0.4ms)
  [1m[36mUser Load (0.2ms)[0m  [1m[34mSELECT  "users".* FROM "users" WHERE "users"."id" = $1 ORDER BY "users"."id" ASC LIMIT $2[0m  [["id", 1], ["LIMIT", 1]]
  ↳ app/views/layouts/_navbar.html.erb:9
  Rendered layouts/_navbar.html.erb (2.2ms)
  Rendered layouts/_flash.html.erb (0.4ms)
Completed 200 OK in 49ms (Views: 46.1ms | ActiveRecord: 0.2ms)


Started GET "/" for ::1 at 2020-05-28 10:34:04 +0200
Processing by EmailController#index as HTML
  Rendering email/index.html.erb within layouts/application
  Rendered email/index.html.erb within layouts/application (0.5ms)
  [1m[36mUser Load (0.4ms)[0m  [1m[34mSELECT  "users".* FROM "users" WHERE "users"."id" = $1 ORDER BY "users"."id" ASC LIMIT $2[0m  [["id", 1], ["LIMIT", 1]]
  ↳ app/views/layouts/_navbar.html.erb:9
  Rendered layouts/_navbar.html.erb (2.3ms)
  Rendered layouts/_flash.html.erb (0.4ms)
Completed 200 OK in 41ms (Views: 38.3ms | ActiveRecord: 0.4ms)


Started GET "/" for ::1 at 2020-05-28 10:34:11 +0200
Processing by EmailController#index as HTML
  Rendering email/index.html.erb within layouts/application
  Rendered email/index.html.erb within layouts/application (1.1ms)
  [1m[36mUser Load (0.3ms)[0m  [1m[34mSELECT  "users".* FROM "users" WHERE "users"."id" = $1 ORDER BY "users"."id" ASC LIMIT $2[0m  [["id", 1], ["LIMIT", 1]]
  ↳ app/views/layouts/_navbar.html.erb:9
  Rendered layouts/_navbar.html.erb (2.2ms)
  Rendered layouts/_flash.html.erb (0.4ms)
Completed 200 OK in 36ms (Views: 33.7ms | ActiveRecord: 0.3ms)


Started GET "/" for ::1 at 2020-05-28 10:34:52 +0200
Processing by EmailController#index as HTML
  Rendering email/index.html.erb within layouts/application
  Rendered email/index.html.erb within layouts/application (0.3ms)
  [1m[36mUser Load (0.3ms)[0m  [1m[34mSELECT  "users".* FROM "users" WHERE "users"."id" = $1 ORDER BY "users"."id" ASC LIMIT $2[0m  [["id", 1], ["LIMIT", 1]]
  ↳ app/views/layouts/_navbar.html.erb:9
  Rendered layouts/_navbar.html.erb (2.3ms)
  Rendered layouts/_flash.html.erb (0.4ms)
Completed 200 OK in 38ms (Views: 35.2ms | ActiveRecord: 0.3ms)


Started GET "/" for ::1 at 2020-05-28 10:35:12 +0200
Processing by EmailController#index as HTML
  Rendering email/index.html.erb within layouts/application
  Rendered email/index.html.erb within layouts/application (0.3ms)
  [1m[36mUser Load (0.2ms)[0m  [1m[34mSELECT  "users".* FROM "users" WHERE "users"."id" = $1 ORDER BY "users"."id" ASC LIMIT $2[0m  [["id", 1], ["LIMIT", 1]]
  ↳ app/views/layouts/_navbar.html.erb:9
  Rendered layouts/_navbar.html.erb (2.4ms)
  Rendered layouts/_flash.html.erb (0.4ms)
Completed 200 OK in 37ms (Views: 34.4ms | ActiveRecord: 0.2ms)


Started GET "/" for ::1 at 2020-05-28 10:35:29 +0200
Processing by EmailController#index as HTML
  Rendering email/index.html.erb within layouts/application
  Rendered email/index.html.erb within layouts/application (0.3ms)
  [1m[36mUser Load (0.5ms)[0m  [1m[34mSELECT  "users".* FROM "users" WHERE "users"."id" = $1 ORDER BY "users"."id" ASC LIMIT $2[0m  [["id", 1], ["LIMIT", 1]]
  ↳ app/views/layouts/_navbar.html.erb:9
  Rendered layouts/_navbar.html.erb (2.3ms)
  Rendered layouts/_flash.html.erb (0.5ms)
Completed 200 OK in 35ms (Views: 32.2ms | ActiveRecord: 0.5ms)


Started GET "/" for ::1 at 2020-05-28 10:35:36 +0200
Processing by EmailController#index as HTML
  Rendering email/index.html.erb within layouts/application
  Rendered email/index.html.erb within layouts/application (0.3ms)
  [1m[36mUser Load (0.3ms)[0m  [1m[34mSELECT  "users".* FROM "users" WHERE "users"."id" = $1 ORDER BY "users"."id" ASC LIMIT $2[0m  [["id", 1], ["LIMIT", 1]]
  ↳ app/views/layouts/_navbar.html.erb:9
  Rendered layouts/_navbar.html.erb (2.6ms)
  Rendered layouts/_flash.html.erb (0.3ms)
Completed 200 OK in 38ms (Views: 35.5ms | ActiveRecord: 0.3ms)


Started GET "/" for ::1 at 2020-05-28 10:36:28 +0200
Processing by EmailController#index as HTML
  Rendering email/index.html.erb within layouts/application
  Rendered email/index.html.erb within layouts/application (0.4ms)
  [1m[36mUser Load (0.2ms)[0m  [1m[34mSELECT  "users".* FROM "users" WHERE "users"."id" = $1 ORDER BY "users"."id" ASC LIMIT $2[0m  [["id", 1], ["LIMIT", 1]]
  ↳ app/views/layouts/_navbar.html.erb:9
  Rendered layouts/_navbar.html.erb (2.1ms)
  Rendered layouts/_flash.html.erb (0.4ms)
Completed 200 OK in 51ms (Views: 48.1ms | ActiveRecord: 0.2ms)


Started GET "/" for ::1 at 2020-05-28 10:36:38 +0200
Processing by EmailController#index as HTML
  Rendering email/index.html.erb within layouts/application
  Rendered email/index.html.erb within layouts/application (0.3ms)
  [1m[36mUser Load (0.2ms)[0m  [1m[34mSELECT  "users".* FROM "users" WHERE "users"."id" = $1 ORDER BY "users"."id" ASC LIMIT $2[0m  [["id", 1], ["LIMIT", 1]]
  ↳ app/views/layouts/_navbar.html.erb:9
  Rendered layouts/_navbar.html.erb (2.1ms)
  Rendered layouts/_flash.html.erb (0.3ms)
Completed 200 OK in 40ms (Views: 36.3ms | ActiveRecord: 0.2ms)


Started GET "/" for ::1 at 2020-05-28 10:36:59 +0200
Processing by EmailController#index as HTML
  Rendering email/index.html.erb within layouts/application
  Rendered email/index.html.erb within layouts/application (0.3ms)
  [1m[36mUser Load (0.3ms)[0m  [1m[34mSELECT  "users".* FROM "users" WHERE "users"."id" = $1 ORDER BY "users"."id" ASC LIMIT $2[0m  [["id", 1], ["LIMIT", 1]]
  ↳ app/views/layouts/_navbar.html.erb:9
  Rendered layouts/_navbar.html.erb (2.0ms)
  Rendered layouts/_flash.html.erb (0.6ms)
Completed 200 OK in 34ms (Views: 31.3ms | ActiveRecord: 0.3ms)


Started GET "/" for ::1 at 2020-05-28 10:37:08 +0200
Processing by EmailController#index as HTML
  Rendering email/index.html.erb within layouts/application
  Rendered email/index.html.erb within layouts/application (0.3ms)
  [1m[36mUser Load (0.3ms)[0m  [1m[34mSELECT  "users".* FROM "users" WHERE "users"."id" = $1 ORDER BY "users"."id" ASC LIMIT $2[0m  [["id", 1], ["LIMIT", 1]]
  ↳ app/views/layouts/_navbar.html.erb:9
  Rendered layouts/_navbar.html.erb (2.1ms)
  Rendered layouts/_flash.html.erb (0.3ms)
Completed 200 OK in 40ms (Views: 37.0ms | ActiveRecord: 0.3ms)


Started GET "/" for ::1 at 2020-05-28 10:37:59 +0200
Processing by EmailController#index as HTML
  Rendering email/index.html.erb within layouts/application
  Rendered email/index.html.erb within layouts/application (0.3ms)
  [1m[36mUser Load (0.2ms)[0m  [1m[34mSELECT  "users".* FROM "users" WHERE "users"."id" = $1 ORDER BY "users"."id" ASC LIMIT $2[0m  [["id", 1], ["LIMIT", 1]]
  ↳ app/views/layouts/_navbar.html.erb:9
  Rendered layouts/_navbar.html.erb (1.9ms)
  Rendered layouts/_flash.html.erb (0.3ms)
Completed 200 OK in 36ms (Views: 32.8ms | ActiveRecord: 0.2ms)


Started GET "/" for ::1 at 2020-05-28 10:38:14 +0200
Processing by EmailController#index as HTML
  Rendering email/index.html.erb within layouts/application
  Rendered email/index.html.erb within layouts/application (0.3ms)
  [1m[36mUser Load (0.3ms)[0m  [1m[34mSELECT  "users".* FROM "users" WHERE "users"."id" = $1 ORDER BY "users"."id" ASC LIMIT $2[0m  [["id", 1], ["LIMIT", 1]]
  ↳ app/views/layouts/_navbar.html.erb:9
  Rendered layouts/_navbar.html.erb (2.1ms)
  Rendered layouts/_flash.html.erb (0.5ms)
Completed 200 OK in 45ms (Views: 42.1ms | ActiveRecord: 0.3ms)


Started GET "/" for ::1 at 2020-05-28 10:38:25 +0200
Processing by EmailController#index as HTML
  Rendering email/index.html.erb within layouts/application
  Rendered email/index.html.erb within layouts/application (0.3ms)
  [1m[36mUser Load (0.3ms)[0m  [1m[34mSELECT  "users".* FROM "users" WHERE "users"."id" = $1 ORDER BY "users"."id" ASC LIMIT $2[0m  [["id", 1], ["LIMIT", 1]]
  ↳ app/views/layouts/_navbar.html.erb:9
  Rendered layouts/_navbar.html.erb (1.9ms)
  Rendered layouts/_flash.html.erb (0.3ms)
Completed 200 OK in 33ms (Views: 30.3ms | ActiveRecord: 0.3ms)


